2023-12-20T07:16:30.845Z [ERROR]: TypeError: ProductMedia.create is not a function, 
Request: /add-product, 
Request Params: {}, 
Request Body: {"ProductName":"toys for kids","Description":"toy for kids its good for kids","Price":"500","IsInStock":"true","Quantity":"2"}
2023-12-20T07:17:28.303Z [ERROR]: TypeError: Cannot read properties of undefined (reading 'create'), 
Request: /add-product, 
Request Params: {}, 
Request Body: {"ProductName":"toys for kids","Description":"toy for kids its good for kids","Price":"500","IsInStock":"true","Quantity":"2"}
2023-12-20T07:19:09.926Z [ERROR]: TypeError: Cannot read properties of undefined (reading 'create'), 
Request: /add-product, 
Request Params: {}, 
Request Body: {"ProductName":"toys for kids","Description":"toy for kids its good for kids","Price":"500","IsInStock":"true","Quantity":"2"}
2023-12-20T07:20:04.884Z [ERROR]: TypeError: Cannot read properties of undefined (reading 'create'), 
Request: /add-product, 
Request Params: {}, 
Request Body: {"ProductName":"toys for kids1","Description":"toy for kids its good for kids","Price":"500","IsInStock":"true","Quantity":"2"}
2023-12-20T09:41:23.256Z [ERROR]: TypeError: Cannot read properties of undefined (reading 'map'), 
Request: /update-product/1, 
Request Params: {}, 
Request Body: {}
2023-12-20T09:43:38.982Z [ERROR]: TypeError: Cannot read properties of undefined (reading 'map'), 
Request: /update-product/1, 
Request Params: {}, 
Request Body: {}
2023-12-20T09:45:20.924Z [ERROR]: TypeError: Cannot read properties of undefined (reading 'Productimage'), 
Request: /update-product/1, 
Request Params: {}, 
Request Body: {}
2023-12-20T09:45:57.328Z [ERROR]: TypeError: Cannot read properties of undefined (reading 'map'), 
Request: /update-product/1, 
Request Params: {}, 
Request Body: {}
2023-12-20T09:47:37.511Z [ERROR]: TypeError: Cannot read properties of undefined (reading 'map'), 
Request: /update-product/1, 
Request Params: {}, 
Request Body: {}
2023-12-20T09:48:40.536Z [ERROR]: TypeError: Cannot read properties of undefined (reading 'map'), 
Request: /update-product/1, 
Request Params: {}, 
Request Body: {}
2023-12-20T09:51:48.440Z [ERROR]: TypeError: Cannot read properties of undefined (reading 'map'), 
Request: /update-product/1, 
Request Params: {}, 
Request Body: {}
2023-12-20T09:52:17.225Z [ERROR]: TypeError: Cannot read properties of undefined (reading 'map'), 
Request: /update-product/1, 
Request Params: {}, 
Request Body: {}
2023-12-20T09:55:09.623Z [ERROR]: TypeError: Cannot read properties of undefined (reading 'map'), 
Request: /update-product/1, 
Request Params: {}, 
Request Body: {}
2023-12-20T09:55:40.828Z [ERROR]: TypeError: Cannot read properties of undefined (reading 'map'), 
Request: /update-product/1, 
Request Params: {}, 
Request Body: {}
2023-12-20T09:58:22.555Z [ERROR]: SequelizeValidationError: notNull Violation: Product.ProductName cannot be null,
notNull Violation: Product.Description cannot be null,
notNull Violation: Product.Price cannot be null,
notNull Violation: Product.Quantity cannot be null, 
Request: /update-product/1, 
Request Params: {}, 
Request Body: {}
2023-12-20T09:59:23.696Z [ERROR]: SequelizeValidationError: notNull Violation: Product.ProductName cannot be null,
notNull Violation: Product.Description cannot be null,
notNull Violation: Product.Price cannot be null,
notNull Violation: Product.Quantity cannot be null, 
Request: /update-product/1, 
Request Params: {}, 
Request Body: {}
2023-12-20T11:05:04.083Z [ERROR]: SequelizeDatabaseError: Unknown column 'Product.Role' in 'where clause', 
Request: /getallproduct, 
Request Params: {}, 
Request Body: {"page":"1","limit":"10","search":""}
2023-12-20T11:11:33.599Z [ERROR]: SequelizeEagerLoadingError: ProductMedia is associated to Product using an alias. You've included an alias (ProductMedia), but it does not match the alias(es) defined in your association (ProductMedium)., 
Request: /getallproduct, 
Request Params: {}, 
Request Body: {"page":"1","limit":"1","search":""}
2023-12-20T11:13:46.423Z [ERROR]: SequelizeEagerLoadingError: ProductMedia is associated to Product using an alias. You must use the 'as' keyword to specify the alias within your include statement., 
Request: /getallproduct, 
Request Params: {}, 
Request Body: {"page":"1","limit":"1","search":""}
2023-12-20T11:16:49.278Z [ERROR]: SequelizeEagerLoadingError: ProductMedia is associated to Product using an alias. You've included an alias (ProductMedia), but it does not match the alias(es) defined in your association (ProductMedium)., 
Request: /getallproduct, 
Request Params: {}, 
Request Body: {"page":"1","limit":"1","search":""}
2023-12-20T11:46:51.217Z [ERROR]: TypeError: product.ProductMedia is not iterable, 
Request: /getallproduct, 
Request Params: {}, 
Request Body: {"page":"1","limit":"1","search":""}
2023-12-20T12:00:05.219Z [ERROR]: ReferenceError: products is not defined, 
Request: /getallproduct, 
Request Params: {}, 
Request Body: {"page":"1","limit":"1","search":""}
2023-12-20T12:00:28.809Z [ERROR]: TypeError: Cannot read properties of null (reading 'map'), 
Request: /getallproduct, 
Request Params: {}, 
Request Body: {"page":"1","limit":"1","search":""}
2023-12-20T12:01:33.697Z [ERROR]: TypeError: product.ProductMedia is not iterable, 
Request: /getallproduct, 
Request Params: {}, 
Request Body: {"page":"1","limit":"1","search":""}
2023-12-20T12:10:38.274Z [ERROR]: TypeError: Cannot read properties of null (reading 'map'), 
Request: /getallproduct, 
Request Params: {}, 
Request Body: {"page":"1","limit":"1","search":""}
2023-12-20T12:33:19.572Z [ERROR]: ReferenceError: id is not defined, 
Request: /getallproduct, 
Request Params: {}, 
Request Body: {"page":"1","limit":"1","search":""}
