2023-12-27T07:26:27.493Z [ERROR]: ReferenceError: commonFunctions is not defined, 
Request: /register, 
Request Params: {}, 
Request Body: {"Name":"Geeta","Email":"geetshah79@gmail.com","Country_code":"+91","Phone":"9924816141","Password":"123","Login_type":"0","Role":"0"}
2023-12-27T07:27:27.482Z [ERROR]: ReferenceError: OTP is not defined, 
Request: /register, 
Request Params: {}, 
Request Body: {"Name":"Geeta","Email":"geetshah79@gmail.com","Country_code":"+91","Phone":"9924816141","Password":"123","Login_type":"0","Role":"0"}
2023-12-27T08:58:19.065Z [ERROR]: Error: WHERE parameter "Phone" has invalid "undefined" value, 
Request: /send_otp, 
Request Params: {}, 
Request Body: {"Login_type":"1"}
2023-12-27T09:00:37.399Z [ERROR]: Error: WHERE parameter "Phone" has invalid "undefined" value, 
Request: /send_otp, 
Request Params: {}, 
Request Body: {"Login_type":"1"}
2023-12-27T09:11:39.896Z [ERROR]: TypeError: Cannot read properties of undefined (reading 'ID'), 
Request: /forgot-password, 
Request Params: {}, 
Request Body: {"Id":"1","NewPassword":"4595"}
